2023-09-25 12:31:49,596 [Worker-3: Loading available Gradle versions] INFO  o.e.b.c.i.u.g.PublishedGradleVersions - Gradle version information cache is up-to-date. Trying to read.
2023-09-25 12:33:09,240 [Worker-0: Importing Maven projects] INFO  o.e.m.c.i.l.LifecycleMappingFactory - Using org.eclipse.m2e.jdt.JarLifecycleMapping lifecycle mapping for MavenProject: com.ashish.spring.rest:CrudDemo:0.0.1-SNAPSHOT @ C:\dev-spring-boot\09-spring-boot-jpa-advanced-mapping\02-jpa-one-to-one-bi\pom.xml.
2023-09-25 12:33:11,704 [Worker-0: Importing Maven projects] INFO  o.e.m.j.i.AbstractJavaProjectConfigurator - Adding source folder /CrudDemo/src/main/java
2023-09-25 12:33:11,705 [Worker-0: Importing Maven projects] INFO  o.e.m.j.i.AbstractJavaProjectConfigurator - Adding resource folder /CrudDemo/src/main/resources
2023-09-25 12:33:11,707 [Worker-0: Importing Maven projects] INFO  o.e.m.j.i.AbstractJavaProjectConfigurator - Adding resource folder /CrudDemo/src/main/resources
2023-09-25 12:33:11,709 [Worker-0: Importing Maven projects] INFO  o.e.m.j.i.AbstractJavaProjectConfigurator - Adding source folder /CrudDemo/src/test/java
2023-09-25 12:33:12,455 [Worker-0: Importing Maven projects] INFO  o.e.m.c.i.p.ProjectConfigurationManager - Imported and configured 1 project(s) in 6 sec
2023-09-25 12:33:15,393 [Worker-12: Building] INFO  o.a.m.s.f.DefaultMavenResourcesFiltering - Copying 1 resource from src\main\resources to target\classes
2023-09-25 12:33:15,444 [Worker-12: Building] INFO  o.a.m.s.f.DefaultMavenResourcesFiltering - Copying 0 resource from src\main\resources to target\classes
2023-09-25 12:33:15,453 [Worker-12: Building] INFO  o.a.m.s.f.DefaultMavenResourcesFiltering - skip non existing resourceDirectory C:\dev-spring-boot\09-spring-boot-jpa-advanced-mapping\02-jpa-one-to-one-bi\src\test\resources
2023-09-29 10:52:16,487 [Worker-1: Loading available Gradle versions] INFO  o.e.b.c.i.u.g.PublishedGradleVersions - Gradle version information cache is up-to-date. Trying to read.
2023-09-29 10:54:50,462 [Worker-0: Loading available Gradle versions] INFO  o.e.b.c.i.u.g.PublishedGradleVersions - Gradle version information cache is up-to-date. Trying to read.
2023-09-29 11:00:01,552 [Worker-0: Loading available Gradle versions] INFO  o.e.b.c.i.u.g.PublishedGradleVersions - Gradle version information cache is up-to-date. Trying to read.
2023-09-29 11:00:46,040 [Worker-1: Updating Maven Dependencies] INFO  o.e.m.c.i.l.LifecycleMappingFactory - Using org.eclipse.m2e.jdt.JarLifecycleMapping lifecycle mapping for MavenProject: com.ashish.spring.rest:CrudDemo:0.0.1-SNAPSHOT @ C:\dev-spring-boot\09-spring-boot-jpa-advanced-mapping\03-jpa-one-to-many\pom.xml.
2023-09-29 11:00:51,421 [Worker-4: Building] INFO  o.a.m.s.f.DefaultMavenResourcesFiltering - Copying 1 resource from src\main\resources to target\classes
2023-09-29 11:00:51,461 [Worker-4: Building] INFO  o.a.m.s.f.DefaultMavenResourcesFiltering - Copying 0 resource from src\main\resources to target\classes
2023-09-29 11:00:51,469 [Worker-4: Building] INFO  o.a.m.s.f.DefaultMavenResourcesFiltering - skip non existing resourceDirectory C:\dev-spring-boot\09-spring-boot-jpa-advanced-mapping\03-jpa-one-to-many\src\test\resources
2023-09-29 11:04:27,871 [Worker-9: Building] INFO  o.e.m.c.i.l.LifecycleMappingFactory - Using org.eclipse.m2e.jdt.JarLifecycleMapping lifecycle mapping for MavenProject: com.luv2code.springboot:thymeleafdemo:0.0.1-SNAPSHOT @ C:\dev-spring-boot\07-spring-boot-spring-mvc-crud\01-thymeleaf-demo-employees-starter-list\pom.xml.
2023-09-29 11:04:29,511 [Worker-9: Building] INFO  o.a.m.s.f.DefaultMavenResourcesFiltering - Copying 1 resource from src\main\resources to target\classes
2023-09-29 11:04:29,542 [Worker-9: Building] INFO  o.a.m.s.f.DefaultMavenResourcesFiltering - Copying 4 resources from src\main\resources to target\classes
2023-09-29 11:04:29,565 [Worker-9: Building] INFO  o.a.m.s.f.DefaultMavenResourcesFiltering - skip non existing resourceDirectory C:\dev-spring-boot\07-spring-boot-spring-mvc-crud\01-thymeleaf-demo-employees-starter-list\src\test\resources
2023-09-29 11:04:31,005 [Worker-12: Updating Maven Dependencies] INFO  o.e.m.c.i.l.LifecycleMappingFactory - Using org.eclipse.m2e.jdt.JarLifecycleMapping lifecycle mapping for MavenProject: com.luv2code.springboot:thymeleafdemo:0.0.1-SNAPSHOT @ C:\dev-spring-boot\07-spring-boot-spring-mvc-crud\01-thymeleaf-demo-employees-starter-list\pom.xml.
2023-09-29 11:06:04,558 [Worker-2: Loading available Gradle versions] INFO  o.e.b.c.i.u.g.PublishedGradleVersions - Gradle version information cache is up-to-date. Trying to read.
