2023-10-05 15:01:26,228 [Worker-3: Loading available Gradle versions] INFO  o.e.b.c.i.u.g.PublishedGradleVersions - Gradle version information cache is up-to-date. Trying to read.
2023-10-05 15:01:55,748 [Worker-3: Building] INFO  o.e.m.c.i.l.LifecycleMappingFactory - Using org.eclipse.m2e.jdt.JarLifecycleMapping lifecycle mapping for MavenProject: com.luv2code.springboot:thymeleafdemo:0.0.1-SNAPSHOT @ C:\dev-spring-boot\07-spring-boot-spring-mvc-crud\01-thymeleaf-demo-employees-starter-list\pom.xml.
2023-10-05 15:01:58,313 [Worker-3: Building] INFO  o.a.m.s.f.DefaultMavenResourcesFiltering - Copying 1 resource from src\main\resources to target\classes
2023-10-05 15:01:58,350 [Worker-3: Building] INFO  o.a.m.s.f.DefaultMavenResourcesFiltering - Copying 4 resources from src\main\resources to target\classes
2023-10-05 15:01:58,409 [Worker-3: Building] INFO  o.a.m.s.f.DefaultMavenResourcesFiltering - skip non existing resourceDirectory C:\dev-spring-boot\07-spring-boot-spring-mvc-crud\01-thymeleaf-demo-employees-starter-list\src\test\resources
2023-10-05 15:03:29,626 [Worker-7: Building] INFO  o.a.m.s.f.DefaultMavenResourcesFiltering - Copying 1 resource from src\main\resources to target\classes
2023-10-05 15:03:29,630 [Worker-7: Building] INFO  o.a.m.s.f.DefaultMavenResourcesFiltering - Copying 0 resource from src\main\resources to target\classes
2023-10-05 15:03:29,635 [Worker-7: Building] INFO  o.a.m.s.f.DefaultMavenResourcesFiltering - skip non existing resourceDirectory C:\dev-spring-boot\07-spring-boot-spring-mvc-crud\01-thymeleaf-demo-employees-starter-list\src\test\resources
2023-10-05 15:03:45,076 [Worker-6: Building] INFO  o.a.m.s.f.DefaultMavenResourcesFiltering - Copying 1 resource from src\main\resources to target\classes
2023-10-05 15:03:45,085 [Worker-6: Building] INFO  o.a.m.s.f.DefaultMavenResourcesFiltering - Copying 0 resource from src\main\resources to target\classes
2023-10-05 15:03:45,090 [Worker-6: Building] INFO  o.a.m.s.f.DefaultMavenResourcesFiltering - skip non existing resourceDirectory C:\dev-spring-boot\07-spring-boot-spring-mvc-crud\01-thymeleaf-demo-employees-starter-list\src\test\resources
2023-10-05 15:20:09,926 [main] INFO  o.e.m2e.actions.ExecutePomAction - Creating new launch configuration
2023-10-05 15:30:59,994 [Worker-22: Building] INFO  o.a.m.s.f.DefaultMavenResourcesFiltering - Copying 1 resource from src\main\resources to target\classes
2023-10-05 15:31:00,006 [Worker-22: Building] INFO  o.a.m.s.f.DefaultMavenResourcesFiltering - Copying 4 resources from src\main\resources to target\classes
2023-10-05 15:31:00,026 [Worker-22: Building] INFO  o.a.m.s.f.DefaultMavenResourcesFiltering - skip non existing resourceDirectory C:\dev-spring-boot\07-spring-boot-spring-mvc-crud\01-thymeleaf-demo-employees-starter-list\src\test\resources
2023-10-05 15:31:35,104 [Worker-18: Building] INFO  o.a.m.s.f.DefaultMavenResourcesFiltering - Copying 1 resource from src\main\resources to target\classes
2023-10-05 15:31:35,167 [Worker-18: Building] INFO  o.a.m.s.f.DefaultMavenResourcesFiltering - Copying 4 resources from src\main\resources to target\classes
2023-10-05 15:31:35,178 [Worker-18: Building] INFO  o.a.m.s.f.DefaultMavenResourcesFiltering - skip non existing resourceDirectory C:\dev-spring-boot\07-spring-boot-spring-mvc-crud\01-thymeleaf-demo-employees-starter-list\src\test\resources
2023-10-05 15:33:21,991 [Worker-24: Building] INFO  o.a.m.s.f.DefaultMavenResourcesFiltering - Copying 1 resource from src\main\resources to target\classes
2023-10-05 15:33:22,043 [Worker-24: Building] INFO  o.a.m.s.f.DefaultMavenResourcesFiltering - Copying 4 resources from src\main\resources to target\classes
2023-10-05 15:33:22,053 [Worker-24: Building] INFO  o.a.m.s.f.DefaultMavenResourcesFiltering - skip non existing resourceDirectory C:\dev-spring-boot\07-spring-boot-spring-mvc-crud\01-thymeleaf-demo-employees-starter-list\src\test\resources
